# JRE version: OpenJDK Runtime Environment (11.0.15) (build 11.0.15+0-b2043.56-9505619)
# Java VM: OpenJDK 64-Bit Server VM (11.0.15+0-b2043.56-9505619, mixed mode, tiered, compressed oops, g1 gc, windows-amd64)
Heap:
 garbage-first heap   total 247808K, used 130452K [0x00000000a0000000, 0x0000000100000000)
  region size 1024K, 30 young (30720K), 4 survivors (4096K)
 Metaspace       used 109174K, capacity 112523K, committed 112852K, reserved 1146880K
  class space    used 13535K, capacity 14734K, committed 14848K, reserved 1048576K
GC Heap History (20 events):
Event: 1700.077 GC heap before
{Heap before GC invocations=59 (full 0):
 garbage-first heap   total 155648K, used 102733K [0x00000000a0000000, 0x0000000100000000)
  region size 1024K, 7 young (7168K), 5 survivors (5120K)
 Metaspace       used 99241K, capacity 102171K, committed 102228K, reserved 1138688K
  class space    used 12307K, capacity 13403K, committed 13440K, reserved 1048576K
}
Event: 1700.099 GC heap after
{Heap after GC invocations=60 (full 0):
 garbage-first heap   total 155648K, used 93082K [0x00000000a0000000, 0x0000000100000000)
  region size 1024K, 1 young (1024K), 1 survivors (1024K)
 Metaspace       used 99241K, capacity 102171K, committed 102228K, reserved 1138688K
  class space    used 12307K, capacity 13403K, committed 13440K, reserved 1048576K
}
Event: 1709.040 GC heap before
{Heap before GC invocations=60 (full 0):
 garbage-first heap   total 155648K, used 123802K [0x00000000a0000000, 0x0000000100000000)
  region size 1024K, 32 young (32768K), 1 survivors (1024K)
 Metaspace       used 99545K, capacity 102626K, committed 102868K, reserved 1138688K
  class space    used 12332K, capacity 13452K, committed 13568K, reserved 1048576K
}
Event: 1709.051 GC heap after
{Heap after GC invocations=61 (full 0):
 garbage-first heap   total 155648K, used 94868K [0x00000000a0000000, 0x0000000100000000)
  region size 1024K, 3 young (3072K), 3 survivors (3072K)
 Metaspace       used 99545K, capacity 102626K, committed 102868K, reserved 1138688K
  class space    used 12332K, capacity 13452K, committed 13568K, reserved 1048576K
}
Event: 1709.691 GC heap before
{Heap before GC invocations=62 (full 0):
 garbage-first heap   total 155648K, used 125588K [0x00000000a0000000, 0x0000000100000000)
  region size 1024K, 34 young (34816K), 3 survivors (3072K)
 Metaspace       used 101265K, capacity 104272K, committed 104532K, reserved 1140736K
  class space    used 12577K, capacity 13680K, committed 13696K, reserved 1048576K
}
Event: 1709.698 GC heap after
{Heap after GC invocations=63 (full 0):
 garbage-first heap   total 155648K, used 95688K [0x00000000a0000000, 0x0000000100000000)
  region size 1024K, 4 young (4096K), 4 survivors (4096K)
 Metaspace       used 101265K, capacity 104272K, committed 104532K, reserved 1140736K
  class space    used 12577K, capacity 13680K, committed 13696K, reserved 1048576K
}
Event: 1709.717 GC heap before
{Heap before GC invocations=63 (full 0):
 garbage-first heap   total 155648K, used 97736K [0x00000000a0000000, 0x0000000100000000)
  region size 1024K, 7 young (7168K), 4 survivors (4096K)
 Metaspace       used 101478K, capacity 104496K, committed 104660K, reserved 1140736K
  class space    used 12611K, capacity 13712K, committed 13824K, reserved 1048576K
}
Event: 1709.726 GC heap after
{Heap after GC invocations=64 (full 0):
 garbage-first heap   total 155648K, used 95431K [0x00000000a0000000, 0x0000000100000000)
  region size 1024K, 1 young (1024K), 1 survivors (1024K)
 Metaspace       used 101478K, capacity 104496K, committed 104660K, reserved 1140736K
  class space    used 12611K, capacity 13712K, committed 13824K, reserved 1048576K
}
Event: 1709.994 GC heap before
{Heap before GC invocations=64 (full 0):
 garbage-first heap   total 155648K, used 127175K [0x00000000a0000000, 0x0000000100000000)
  region size 1024K, 33 young (33792K), 1 survivors (1024K)
 Metaspace       used 103942K, capacity 106960K, committed 107220K, reserved 1142784K
  class space    used 12909K, capacity 14000K, committed 14080K, reserved 1048576K
}
Event: 1710.000 GC heap after
{Heap after GC invocations=65 (full 0):
 garbage-first heap   total 155648K, used 95946K [0x00000000a0000000, 0x0000000100000000)
  region size 1024K, 2 young (2048K), 2 survivors (2048K)
 Metaspace       used 103942K, capacity 106960K, committed 107220K, reserved 1142784K
  class space    used 12909K, capacity 14000K, committed 14080K, reserved 1048576K
}
Event: 1710.747 GC heap before
{Heap before GC invocations=66 (full 0):
 garbage-first heap   total 155648K, used 127690K [0x00000000a0000000, 0x0000000100000000)
  region size 1024K, 34 young (34816K), 2 survivors (2048K)
 Metaspace       used 105922K, capacity 108960K, committed 109268K, reserved 1144832K
  class space    used 13154K, capacity 14277K, committed 14336K, reserved 1048576K
}
Event: 1710.755 GC heap after
{Heap after GC invocations=67 (full 0):
 garbage-first heap   total 155648K, used 98832K [0x00000000a0000000, 0x0000000100000000)
  region size 1024K, 4 young (4096K), 4 survivors (4096K)
 Metaspace       used 105922K, capacity 108960K, committed 109268K, reserved 1144832K
  class space    used 13154K, capacity 14277K, committed 14336K, reserved 1048576K
}
Event: 1711.452 GC heap before
{Heap before GC invocations=68 (full 0):
 garbage-first heap   total 196608K, used 195088K [0x00000000a0000000, 0x0000000100000000)
  region size 1024K, 25 young (25600K), 4 survivors (4096K)
 Metaspace       used 106190K, capacity 109307K, committed 109524K, reserved 1144832K
  class space    used 13169K, capacity 14279K, committed 14336K, reserved 1048576K
}
Event: 1711.462 GC heap after
{Heap after GC invocations=69 (full 0):
 garbage-first heap   total 202752K, used 161683K [0x00000000a0000000, 0x0000000100000000)
  region size 1024K, 2 young (2048K), 2 survivors (2048K)
 Metaspace       used 106190K, capacity 109307K, committed 109524K, reserved 1144832K
  class space    used 13169K, capacity 14279K, committed 14336K, reserved 1048576K
}
Event: 1712.307 GC heap before
{Heap before GC invocations=69 (full 0):
 garbage-first heap   total 202752K, used 176019K [0x00000000a0000000, 0x0000000100000000)
  region size 1024K, 17 young (17408K), 2 survivors (2048K)
 Metaspace       used 106498K, capacity 109637K, committed 109908K, reserved 1144832K
  class space    used 13207K, capacity 14358K, committed 14464K, reserved 1048576K
}
Event: 1712.311 GC heap after
{Heap after GC invocations=70 (full 0):
 garbage-first heap   total 202752K, used 100961K [0x00000000a0000000, 0x0000000100000000)
  region size 1024K, 3 young (3072K), 3 survivors (3072K)
 Metaspace       used 106498K, capacity 109637K, committed 109908K, reserved 1144832K
  class space    used 13207K, capacity 14358K, committed 14464K, reserved 1048576K
}
Event: 1713.716 GC heap before
{Heap before GC invocations=71 (full 0):
 garbage-first heap   total 202752K, used 135777K [0x00000000a0000000, 0x0000000100000000)
  region size 1024K, 39 young (39936K), 3 survivors (3072K)
 Metaspace       used 108585K, capacity 111840K, committed 111956K, reserved 1146880K
  class space    used 13460K, capacity 14678K, committed 14720K, reserved 1048576K
}
Event: 1713.726 GC heap after
{Heap after GC invocations=72 (full 0):
 garbage-first heap   total 202752K, used 103864K [0x00000000a0000000, 0x0000000100000000)
  region size 1024K, 5 young (5120K), 5 survivors (5120K)
 Metaspace       used 108585K, capacity 111840K, committed 111956K, reserved 1146880K
  class space    used 13460K, capacity 14678K, committed 14720K, reserved 1048576K
}
Event: 1714.293 GC heap before
{Heap before GC invocations=73 (full 0):
 garbage-first heap   total 241664K, used 241080K [0x00000000a0000000, 0x0000000100000000)
  region size 1024K, 15 young (15360K), 5 survivors (5120K)
 Metaspace       used 108726K, capacity 111991K, committed 112212K, reserved 1146880K
  class space    used 13482K, capacity 14687K, committed 14720K, reserved 1048576K
}
Event: 1714.302 GC heap after
{Heap after GC invocations=74 (full 0):
 garbage-first heap   total 247808K, used 104852K [0x00000000a0000000, 0x0000000100000000)
  region size 1024K, 4 young (4096K), 4 survivors (4096K)
 Metaspace       used 108726K, capacity 111991K, committed 112212K, reserved 1146880K
  class space    used 13482K, capacity 14687K, committed 14720K, reserved 1048576K
}

